-2.99583e+006
-5.7739e+006
0
0
0
-514313
0
-1.97356e+006
0
0
0
0
0
0
-7.67997e+006
0
0
0
0
0
0
0
0
0
0
-3.4937e+006
0
0
0
-959159
0
0
0
0
0
-7.62301e+006
0
0
-1.79975e+006
-3.30221e+006
-5.26523e+006
0
-4.71138e+006
-2.2387e+006
0
-3.48388e+006
0
-3.4829e+006
-7.72121e+006
0
0
0
0
-2.78372e+006
0
0
0
-5.9212e+006
-7.68782e+006
0
-4.07603e+006
0
-7.83905e+006
0
-2.25834e+006
0
0
0
0
0
-4.67406e+006
0
-6.969e+006
0
0
0
0
-6.0636e+006
0
0
-4.57488e+006
0
0
-849175
0
0
-2.48322e+006
0
0
0
0
0
0
0
0
-4.8793e+006
0
0
0
0
